{"/Users/erz/test/kobold/lib/cli.js":{"path":"/Users/erz/test/kobold/lib/cli.js","s":{"1":1,"2":1,"3":1,"4":8,"5":8,"6":13,"7":6,"8":6,"9":4,"10":4,"11":1,"12":3,"13":3,"14":3,"15":1,"16":2,"17":7,"18":8,"19":7,"20":8,"21":8,"22":1,"23":1,"24":1,"25":1,"26":1,"27":0,"28":1,"29":1,"30":1,"31":1},"b":{"1":[8,6],"2":[6,7],"3":[13,8,7],"4":[4,2],"5":[1,3],"6":[1,2],"7":[7,1],"8":[0,1]},"f":{"1":8,"2":1},"fnMap":{"1":{"name":"filterArguments","line":14,"loc":{"start":{"line":14,"column":0},"end":{"line":14,"column":47}}},"2":{"name":"prepareEnvironment","line":73,"loc":{"start":{"line":73,"column":0},"end":{"line":73,"column":35}}}},"statementMap":{"1":{"start":{"line":1,"column":0},"end":{"line":1,"column":27}},"2":{"start":{"line":2,"column":0},"end":{"line":2,"column":23}},"3":{"start":{"line":14,"column":0},"end":{"line":63,"column":1}},"4":{"start":{"line":16,"column":1},"end":{"line":18,"column":7}},"5":{"start":{"line":20,"column":1},"end":{"line":53,"column":2}},"6":{"start":{"line":22,"column":2},"end":{"line":52,"column":3}},"7":{"start":{"line":25,"column":3},"end":{"line":25,"column":29}},"8":{"start":{"line":28,"column":3},"end":{"line":49,"column":4}},"9":{"start":{"line":31,"column":4},"end":{"line":31,"column":32}},"10":{"start":{"line":34,"column":4},"end":{"line":45,"column":5}},"11":{"start":{"line":35,"column":5},"end":{"line":35,"column":26}},"12":{"start":{"line":38,"column":5},"end":{"line":38,"column":33}},"13":{"start":{"line":39,"column":5},"end":{"line":39,"column":9}},"14":{"start":{"line":42,"column":5},"end":{"line":44,"column":6}},"15":{"start":{"line":43,"column":6},"end":{"line":43,"column":48}},"16":{"start":{"line":48,"column":4},"end":{"line":48,"column":26}},"17":{"start":{"line":51,"column":3},"end":{"line":51,"column":25}},"18":{"start":{"line":56,"column":1},"end":{"line":58,"column":2}},"19":{"start":{"line":57,"column":2},"end":{"line":57,"column":35}},"20":{"start":{"line":60,"column":1},"end":{"line":60,"column":49}},"21":{"start":{"line":62,"column":1},"end":{"line":62,"column":16}},"22":{"start":{"line":73,"column":0},"end":{"line":123,"column":1}},"23":{"start":{"line":75,"column":1},"end":{"line":75,"column":18}},"24":{"start":{"line":78,"column":1},"end":{"line":85,"column":3}},"25":{"start":{"line":88,"column":1},"end":{"line":91,"column":4}},"26":{"start":{"line":93,"column":1},"end":{"line":97,"column":2}},"27":{"start":{"line":94,"column":2},"end":{"line":94,"column":64}},"28":{"start":{"line":96,"column":2},"end":{"line":96,"column":58}},"29":{"start":{"line":100,"column":1},"end":{"line":120,"column":3}},"30":{"start":{"line":122,"column":1},"end":{"line":122,"column":13}},"31":{"start":{"line":125,"column":0},"end":{"line":128,"column":2}}},"branchMap":{"1":{"line":16,"type":"binary-expr","locations":[{"start":{"line":16,"column":41},"end":{"line":16,"column":47}},{"start":{"line":16,"column":51},"end":{"line":16,"column":53}}]},"2":{"line":22,"type":"if","locations":[{"start":{"line":22,"column":2},"end":{"line":22,"column":2}},{"start":{"line":22,"column":2},"end":{"line":22,"column":2}}]},"3":{"line":22,"type":"binary-expr","locations":[{"start":{"line":22,"column":7},"end":{"line":22,"column":26}},{"start":{"line":22,"column":32},"end":{"line":22,"column":50}},{"start":{"line":22,"column":56},"end":{"line":22,"column":85}}]},"4":{"line":28,"type":"if","locations":[{"start":{"line":28,"column":3},"end":{"line":28,"column":3}},{"start":{"line":28,"column":3},"end":{"line":28,"column":3}}]},"5":{"line":34,"type":"if","locations":[{"start":{"line":34,"column":4},"end":{"line":34,"column":4}},{"start":{"line":34,"column":4},"end":{"line":34,"column":4}}]},"6":{"line":42,"type":"if","locations":[{"start":{"line":42,"column":5},"end":{"line":42,"column":5}},{"start":{"line":42,"column":5},"end":{"line":42,"column":5}}]},"7":{"line":56,"type":"if","locations":[{"start":{"line":56,"column":1},"end":{"line":56,"column":1}},{"start":{"line":56,"column":1},"end":{"line":56,"column":1}}]},"8":{"line":93,"type":"if","locations":[{"start":{"line":93,"column":1},"end":{"line":93,"column":1}},{"start":{"line":93,"column":1},"end":{"line":93,"column":1}}]}}},"/Users/erz/test/kobold/index.js":{"path":"/Users/erz/test/kobold/index.js","s":{"1":1,"2":1,"3":0,"4":1,"5":1,"6":1},"b":{},"f":{"1":0},"fnMap":{"1":{"name":"(anonymous_1)","line":17,"loc":{"start":{"line":17,"column":19},"end":{"line":17,"column":37}}}},"statementMap":{"1":{"start":{"line":4,"column":0},"end":{"line":4,"column":37}},"2":{"start":{"line":17,"column":0},"end":{"line":19,"column":2}},"3":{"start":{"line":18,"column":1},"end":{"line":18,"column":35}},"4":{"start":{"line":28,"column":0},"end":{"line":28,"column":29}},"5":{"start":{"line":37,"column":0},"end":{"line":37,"column":57}},"6":{"start":{"line":39,"column":0},"end":{"line":39,"column":30}}},"branchMap":{}},"/Users/erz/test/kobold/lib/kobold.js":{"path":"/Users/erz/test/kobold/lib/kobold.js","s":{"1":1,"2":1,"3":1,"4":1,"5":1,"6":1,"7":1,"8":1,"9":0,"10":0,"11":0,"12":0,"13":0,"14":0,"15":0,"16":0,"17":0,"18":0,"19":0,"20":0,"21":0,"22":0,"23":0,"24":0,"25":0,"26":0,"27":0,"28":0,"29":0,"30":0,"31":0,"32":0,"33":0,"34":0,"35":0,"36":0,"37":0,"38":0,"39":0,"40":0,"41":0,"42":0,"43":0,"44":0,"45":0,"46":0,"47":0,"48":0,"49":0,"50":0,"51":0,"52":0,"53":0,"54":0,"55":0,"56":0,"57":0,"58":0,"59":0,"60":0,"61":0,"62":0,"63":0,"64":0,"65":0,"66":0,"67":0,"68":0,"69":0,"70":0,"71":0,"72":0,"73":0,"74":0,"75":0,"76":0,"77":0,"78":0,"79":0,"80":0,"81":0,"82":0,"83":0,"84":0,"85":0,"86":0,"87":0,"88":0,"89":0,"90":0,"91":0,"92":0,"93":0,"94":0,"95":0,"96":0,"97":0,"98":0,"99":0,"100":0,"101":0,"102":0,"103":0,"104":0,"105":0,"106":0,"107":0,"108":0,"109":0,"110":0,"111":0,"112":0,"113":0,"114":0,"115":0,"116":0,"117":0,"118":0,"119":0,"120":0,"121":0,"122":0,"123":0,"124":0,"125":0,"126":0,"127":0,"128":0,"129":0,"130":0,"131":0,"132":0,"133":0,"134":1},"b":{"1":[0,0],"2":[0,0],"3":[0,0],"4":[0,0],"5":[0,0],"6":[0,0],"7":[0,0],"8":[0,0],"9":[0,0],"10":[0,0],"11":[0,0],"12":[0,0],"13":[0,0],"14":[0,0],"15":[0,0],"16":[0,0],"17":[0,0],"18":[0,0],"19":[0,0],"20":[0,0,0,0],"21":[0,0]},"f":{"1":0,"2":0,"3":0,"4":0,"5":0,"6":0,"7":0,"8":0,"9":0,"10":0,"11":0,"12":0,"13":0,"14":0,"15":0,"16":0,"17":0,"18":0,"19":0,"20":0,"21":0,"22":0,"23":0,"24":0,"25":0,"26":0,"27":0,"28":0,"29":0,"30":0,"31":0,"32":0,"33":0,"34":0,"35":0,"36":0,"37":0,"38":0,"39":0,"40":0,"41":0,"42":0},"fnMap":{"1":{"name":"(anonymous_1)","line":45,"loc":{"start":{"line":45,"column":1},"end":{"line":45,"column":20}}},"2":{"name":"(anonymous_2)","line":77,"loc":{"start":{"line":77,"column":13},"end":{"line":77,"column":25}}},"3":{"name":"(anonymous_3)","line":87,"loc":{"start":{"line":87,"column":18},"end":{"line":87,"column":30}}},"4":{"name":"(anonymous_4)","line":100,"loc":{"start":{"line":100,"column":26},"end":{"line":100,"column":45}}},"5":{"name":"(anonymous_5)","line":167,"loc":{"start":{"line":167,"column":19},"end":{"line":167,"column":31}}},"6":{"name":"(anonymous_6)","line":174,"loc":{"start":{"line":174,"column":11},"end":{"line":174,"column":30}}},"7":{"name":"(anonymous_7)","line":176,"loc":{"start":{"line":176,"column":17},"end":{"line":176,"column":32}}},"8":{"name":"(anonymous_8)","line":189,"loc":{"start":{"line":189,"column":16},"end":{"line":189,"column":36}}},"9":{"name":"(anonymous_9)","line":201,"loc":{"start":{"line":201,"column":19},"end":{"line":201,"column":38}}},"10":{"name":"(anonymous_10)","line":217,"loc":{"start":{"line":217,"column":18},"end":{"line":217,"column":40}}},"11":{"name":"(anonymous_11)","line":220,"loc":{"start":{"line":220,"column":49},"end":{"line":220,"column":61}}},"12":{"name":"(anonymous_12)","line":223,"loc":{"start":{"line":223,"column":29},"end":{"line":223,"column":41}}},"13":{"name":"(anonymous_13)","line":241,"loc":{"start":{"line":241,"column":22},"end":{"line":241,"column":43}}},"14":{"name":"(anonymous_14)","line":257,"loc":{"start":{"line":257,"column":21},"end":{"line":257,"column":45}}},"15":{"name":"(anonymous_15)","line":260,"loc":{"start":{"line":260,"column":51},"end":{"line":260,"column":63}}},"16":{"name":"(anonymous_16)","line":263,"loc":{"start":{"line":263,"column":32},"end":{"line":263,"column":44}}},"17":{"name":"(anonymous_17)","line":282,"loc":{"start":{"line":282,"column":23},"end":{"line":282,"column":46}}},"18":{"name":"(anonymous_18)","line":299,"loc":{"start":{"line":299,"column":22},"end":{"line":299,"column":48}}},"19":{"name":"(anonymous_19)","line":302,"loc":{"start":{"line":302,"column":53},"end":{"line":302,"column":65}}},"20":{"name":"(anonymous_20)","line":304,"loc":{"start":{"line":304,"column":48},"end":{"line":304,"column":64}}},"21":{"name":"(anonymous_21)","line":305,"loc":{"start":{"line":305,"column":68},"end":{"line":305,"column":86}}},"22":{"name":"(anonymous_22)","line":308,"loc":{"start":{"line":308,"column":19},"end":{"line":308,"column":34}}},"23":{"name":"(anonymous_23)","line":313,"loc":{"start":{"line":313,"column":45},"end":{"line":313,"column":61}}},"24":{"name":"(anonymous_24)","line":314,"loc":{"start":{"line":314,"column":63},"end":{"line":314,"column":81}}},"25":{"name":"(anonymous_25)","line":317,"loc":{"start":{"line":317,"column":19},"end":{"line":317,"column":34}}},"26":{"name":"(anonymous_26)","line":322,"loc":{"start":{"line":322,"column":34},"end":{"line":322,"column":50}}},"27":{"name":"(anonymous_27)","line":331,"loc":{"start":{"line":331,"column":19},"end":{"line":331,"column":42}}},"28":{"name":"(anonymous_28)","line":337,"loc":{"start":{"line":337,"column":78},"end":{"line":337,"column":90}}},"29":{"name":"(anonymous_29)","line":339,"loc":{"start":{"line":339,"column":11},"end":{"line":339,"column":26}}},"30":{"name":"(anonymous_30)","line":358,"loc":{"start":{"line":358,"column":7},"end":{"line":358,"column":19}}},"31":{"name":"(anonymous_31)","line":362,"loc":{"start":{"line":362,"column":32},"end":{"line":362,"column":44}}},"32":{"name":"(anonymous_32)","line":365,"loc":{"start":{"line":365,"column":41},"end":{"line":365,"column":58}}},"33":{"name":"(anonymous_33)","line":367,"loc":{"start":{"line":367,"column":30},"end":{"line":367,"column":42}}},"34":{"name":"(anonymous_34)","line":392,"loc":{"start":{"line":392,"column":16},"end":{"line":392,"column":87}}},"35":{"name":"(anonymous_35)","line":419,"loc":{"start":{"line":419,"column":23},"end":{"line":419,"column":72}}},"36":{"name":"(anonymous_36)","line":433,"loc":{"start":{"line":433,"column":27},"end":{"line":433,"column":39}}},"37":{"name":"(anonymous_37)","line":451,"loc":{"start":{"line":451,"column":13},"end":{"line":451,"column":34}}},"38":{"name":"(anonymous_38)","line":464,"loc":{"start":{"line":464,"column":7},"end":{"line":464,"column":28}}},"39":{"name":"(anonymous_39)","line":476,"loc":{"start":{"line":476,"column":11},"end":{"line":476,"column":25}}},"40":{"name":"(anonymous_40)","line":488,"loc":{"start":{"line":488,"column":15},"end":{"line":488,"column":29}}},"41":{"name":"(anonymous_41)","line":500,"loc":{"start":{"line":500,"column":10},"end":{"line":500,"column":24}}},"42":{"name":"(anonymous_42)","line":512,"loc":{"start":{"line":512,"column":14},"end":{"line":512,"column":28}}}},"statementMap":{"1":{"start":{"line":4,"column":0},"end":{"line":4,"column":44}},"2":{"start":{"line":5,"column":0},"end":{"line":5,"column":42}},"3":{"start":{"line":6,"column":0},"end":{"line":6,"column":40}},"4":{"start":{"line":8,"column":0},"end":{"line":8,"column":38}},"5":{"start":{"line":10,"column":0},"end":{"line":10,"column":33}},"6":{"start":{"line":11,"column":0},"end":{"line":11,"column":31}},"7":{"start":{"line":13,"column":0},"end":{"line":13,"column":49}},"8":{"start":{"line":28,"column":0},"end":{"line":516,"column":2}},"9":{"start":{"line":46,"column":2},"end":{"line":46,"column":17}},"10":{"start":{"line":48,"column":2},"end":{"line":48,"column":43}},"11":{"start":{"line":50,"column":2},"end":{"line":50,"column":66}},"12":{"start":{"line":52,"column":2},"end":{"line":52,"column":43}},"13":{"start":{"line":53,"column":2},"end":{"line":55,"column":3}},"14":{"start":{"line":54,"column":3},"end":{"line":54,"column":36}},"15":{"start":{"line":57,"column":2},"end":{"line":57,"column":65}},"16":{"start":{"line":59,"column":2},"end":{"line":59,"column":30}},"17":{"start":{"line":61,"column":2},"end":{"line":61,"column":57}},"18":{"start":{"line":62,"column":2},"end":{"line":62,"column":59}},"19":{"start":{"line":64,"column":2},"end":{"line":64,"column":44}},"20":{"start":{"line":66,"column":2},"end":{"line":66,"column":96}},"21":{"start":{"line":67,"column":2},"end":{"line":67,"column":106}},"22":{"start":{"line":78,"column":3},"end":{"line":78,"column":23}},"23":{"start":{"line":88,"column":3},"end":{"line":88,"column":28}},"24":{"start":{"line":102,"column":3},"end":{"line":110,"column":18}},"25":{"start":{"line":112,"column":3},"end":{"line":112,"column":48}},"26":{"start":{"line":114,"column":3},"end":{"line":118,"column":5}},"27":{"start":{"line":121,"column":3},"end":{"line":121,"column":50}},"28":{"start":{"line":122,"column":3},"end":{"line":137,"column":4}},"29":{"start":{"line":123,"column":4},"end":{"line":123,"column":18}},"30":{"start":{"line":125,"column":4},"end":{"line":130,"column":5}},"31":{"start":{"line":126,"column":5},"end":{"line":129,"column":6}},"32":{"start":{"line":127,"column":6},"end":{"line":127,"column":19}},"33":{"start":{"line":128,"column":6},"end":{"line":128,"column":12}},"34":{"start":{"line":132,"column":4},"end":{"line":136,"column":5}},"35":{"start":{"line":133,"column":5},"end":{"line":133,"column":61}},"36":{"start":{"line":135,"column":5},"end":{"line":135,"column":57}},"37":{"start":{"line":140,"column":3},"end":{"line":140,"column":40}},"38":{"start":{"line":141,"column":3},"end":{"line":154,"column":4}},"39":{"start":{"line":142,"column":4},"end":{"line":142,"column":18}},"40":{"start":{"line":144,"column":4},"end":{"line":149,"column":5}},"41":{"start":{"line":145,"column":5},"end":{"line":148,"column":6}},"42":{"start":{"line":146,"column":6},"end":{"line":146,"column":19}},"43":{"start":{"line":147,"column":6},"end":{"line":147,"column":12}},"44":{"start":{"line":151,"column":4},"end":{"line":153,"column":5}},"45":{"start":{"line":152,"column":5},"end":{"line":152,"column":53}},"46":{"start":{"line":156,"column":3},"end":{"line":156,"column":45}},"47":{"start":{"line":157,"column":3},"end":{"line":157,"column":17}},"48":{"start":{"line":169,"column":3},"end":{"line":169,"column":41}},"49":{"start":{"line":171,"column":3},"end":{"line":178,"column":17}},"50":{"start":{"line":175,"column":4},"end":{"line":175,"column":48}},"51":{"start":{"line":177,"column":4},"end":{"line":177,"column":61}},"52":{"start":{"line":190,"column":3},"end":{"line":190,"column":79}},"53":{"start":{"line":202,"column":3},"end":{"line":202,"column":14}},"54":{"start":{"line":204,"column":3},"end":{"line":204,"column":52}},"55":{"start":{"line":205,"column":3},"end":{"line":207,"column":4}},"56":{"start":{"line":206,"column":4},"end":{"line":206,"column":36}},"57":{"start":{"line":219,"column":3},"end":{"line":219,"column":54}},"58":{"start":{"line":220,"column":3},"end":{"line":230,"column":17}},"59":{"start":{"line":222,"column":4},"end":{"line":228,"column":5}},"60":{"start":{"line":223,"column":5},"end":{"line":225,"column":8}},"61":{"start":{"line":224,"column":6},"end":{"line":224,"column":68}},"62":{"start":{"line":227,"column":5},"end":{"line":227,"column":29}},"63":{"start":{"line":242,"column":3},"end":{"line":242,"column":14}},"64":{"start":{"line":244,"column":3},"end":{"line":244,"column":56}},"65":{"start":{"line":245,"column":3},"end":{"line":247,"column":4}},"66":{"start":{"line":246,"column":4},"end":{"line":246,"column":41}},"67":{"start":{"line":259,"column":3},"end":{"line":259,"column":57}},"68":{"start":{"line":260,"column":3},"end":{"line":271,"column":17}},"69":{"start":{"line":262,"column":4},"end":{"line":269,"column":5}},"70":{"start":{"line":263,"column":5},"end":{"line":265,"column":8}},"71":{"start":{"line":264,"column":6},"end":{"line":264,"column":56}},"72":{"start":{"line":268,"column":5},"end":{"line":268,"column":32}},"73":{"start":{"line":284,"column":3},"end":{"line":284,"column":14}},"74":{"start":{"line":286,"column":3},"end":{"line":286,"column":59}},"75":{"start":{"line":287,"column":3},"end":{"line":289,"column":4}},"76":{"start":{"line":288,"column":4},"end":{"line":288,"column":44}},"77":{"start":{"line":301,"column":3},"end":{"line":301,"column":62}},"78":{"start":{"line":302,"column":3},"end":{"line":348,"column":17}},"79":{"start":{"line":304,"column":4},"end":{"line":311,"column":18}},"80":{"start":{"line":305,"column":5},"end":{"line":310,"column":8}},"81":{"start":{"line":306,"column":6},"end":{"line":306,"column":35}},"82":{"start":{"line":307,"column":6},"end":{"line":307,"column":13}},"83":{"start":{"line":309,"column":6},"end":{"line":309,"column":16}},"84":{"start":{"line":313,"column":4},"end":{"line":320,"column":18}},"85":{"start":{"line":314,"column":5},"end":{"line":319,"column":8}},"86":{"start":{"line":315,"column":6},"end":{"line":315,"column":32}},"87":{"start":{"line":316,"column":6},"end":{"line":316,"column":13}},"88":{"start":{"line":318,"column":6},"end":{"line":318,"column":16}},"89":{"start":{"line":322,"column":4},"end":{"line":347,"column":18}},"90":{"start":{"line":324,"column":5},"end":{"line":325,"column":16}},"91":{"start":{"line":327,"column":5},"end":{"line":327,"column":42}},"92":{"start":{"line":328,"column":5},"end":{"line":328,"column":39}},"93":{"start":{"line":330,"column":5},"end":{"line":330,"column":40}},"94":{"start":{"line":331,"column":5},"end":{"line":346,"column":19}},"95":{"start":{"line":332,"column":6},"end":{"line":345,"column":7}},"96":{"start":{"line":333,"column":7},"end":{"line":333,"column":17}},"97":{"start":{"line":336,"column":7},"end":{"line":344,"column":8}},"98":{"start":{"line":337,"column":8},"end":{"line":341,"column":11}},"99":{"start":{"line":338,"column":9},"end":{"line":338,"column":16}},"100":{"start":{"line":340,"column":9},"end":{"line":340,"column":19}},"101":{"start":{"line":343,"column":8},"end":{"line":343,"column":18}},"102":{"start":{"line":360,"column":3},"end":{"line":360,"column":34}},"103":{"start":{"line":362,"column":3},"end":{"line":375,"column":17}},"104":{"start":{"line":364,"column":4},"end":{"line":364,"column":36}},"105":{"start":{"line":365,"column":4},"end":{"line":374,"column":18}},"106":{"start":{"line":367,"column":5},"end":{"line":373,"column":19}},"107":{"start":{"line":369,"column":6},"end":{"line":369,"column":42}},"108":{"start":{"line":370,"column":6},"end":{"line":370,"column":47}},"109":{"start":{"line":371,"column":6},"end":{"line":371,"column":50}},"110":{"start":{"line":377,"column":3},"end":{"line":377,"column":17}},"111":{"start":{"line":394,"column":3},"end":{"line":394,"column":24}},"112":{"start":{"line":396,"column":3},"end":{"line":396,"column":48}},"113":{"start":{"line":397,"column":3},"end":{"line":399,"column":4}},"114":{"start":{"line":398,"column":4},"end":{"line":398,"column":91}},"115":{"start":{"line":400,"column":3},"end":{"line":402,"column":4}},"116":{"start":{"line":401,"column":4},"end":{"line":401,"column":85}},"117":{"start":{"line":403,"column":3},"end":{"line":405,"column":4}},"118":{"start":{"line":404,"column":4},"end":{"line":404,"column":93}},"119":{"start":{"line":407,"column":3},"end":{"line":407,"column":35}},"120":{"start":{"line":421,"column":3},"end":{"line":425,"column":11}},"121":{"start":{"line":427,"column":3},"end":{"line":427,"column":68}},"122":{"start":{"line":429,"column":3},"end":{"line":429,"column":44}},"123":{"start":{"line":430,"column":3},"end":{"line":430,"column":101}},"124":{"start":{"line":432,"column":3},"end":{"line":436,"column":4}},"125":{"start":{"line":433,"column":4},"end":{"line":435,"column":7}},"126":{"start":{"line":434,"column":5},"end":{"line":434,"column":68}},"127":{"start":{"line":438,"column":3},"end":{"line":438,"column":18}},"128":{"start":{"line":452,"column":3},"end":{"line":452,"column":30}},"129":{"start":{"line":465,"column":3},"end":{"line":465,"column":24}},"130":{"start":{"line":477,"column":3},"end":{"line":477,"column":21}},"131":{"start":{"line":489,"column":3},"end":{"line":489,"column":25}},"132":{"start":{"line":501,"column":3},"end":{"line":501,"column":20}},"133":{"start":{"line":513,"column":3},"end":{"line":513,"column":24}},"134":{"start":{"line":518,"column":0},"end":{"line":518,"column":24}}},"branchMap":{"1":{"line":50,"type":"binary-expr","locations":[{"start":{"line":50,"column":50},"end":{"line":50,"column":57}},{"start":{"line":50,"column":61},"end":{"line":50,"column":63}}]},"2":{"line":52,"type":"binary-expr","locations":[{"start":{"line":52,"column":18},"end":{"line":52,"column":33}},{"start":{"line":52,"column":37},"end":{"line":52,"column":42}}]},"3":{"line":53,"type":"if","locations":[{"start":{"line":53,"column":2},"end":{"line":53,"column":2}},{"start":{"line":53,"column":2},"end":{"line":53,"column":2}}]},"4":{"line":57,"type":"binary-expr","locations":[{"start":{"line":57,"column":29},"end":{"line":57,"column":55}},{"start":{"line":57,"column":59},"end":{"line":57,"column":64}}]},"5":{"line":61,"type":"binary-expr","locations":[{"start":{"line":61,"column":25},"end":{"line":61,"column":47}},{"start":{"line":61,"column":51},"end":{"line":61,"column":56}}]},"6":{"line":62,"type":"binary-expr","locations":[{"start":{"line":62,"column":26},"end":{"line":62,"column":49}},{"start":{"line":62,"column":53},"end":{"line":62,"column":58}}]},"7":{"line":64,"type":"binary-expr","locations":[{"start":{"line":64,"column":20},"end":{"line":64,"column":37}},{"start":{"line":64,"column":41},"end":{"line":64,"column":43}}]},"8":{"line":66,"type":"binary-expr","locations":[{"start":{"line":66,"column":61},"end":{"line":66,"column":75}},{"start":{"line":66,"column":79},"end":{"line":66,"column":94}}]},"9":{"line":67,"type":"binary-expr","locations":[{"start":{"line":67,"column":66},"end":{"line":67,"column":85}},{"start":{"line":67,"column":89},"end":{"line":67,"column":104}}]},"10":{"line":126,"type":"if","locations":[{"start":{"line":126,"column":5},"end":{"line":126,"column":5}},{"start":{"line":126,"column":5},"end":{"line":126,"column":5}}]},"11":{"line":132,"type":"if","locations":[{"start":{"line":132,"column":4},"end":{"line":132,"column":4}},{"start":{"line":132,"column":4},"end":{"line":132,"column":4}}]},"12":{"line":145,"type":"if","locations":[{"start":{"line":145,"column":5},"end":{"line":145,"column":5}},{"start":{"line":145,"column":5},"end":{"line":145,"column":5}}]},"13":{"line":151,"type":"if","locations":[{"start":{"line":151,"column":4},"end":{"line":151,"column":4}},{"start":{"line":151,"column":4},"end":{"line":151,"column":4}}]},"14":{"line":222,"type":"if","locations":[{"start":{"line":222,"column":4},"end":{"line":222,"column":4}},{"start":{"line":222,"column":4},"end":{"line":222,"column":4}}]},"15":{"line":262,"type":"if","locations":[{"start":{"line":262,"column":4},"end":{"line":262,"column":4}},{"start":{"line":262,"column":4},"end":{"line":262,"column":4}}]},"16":{"line":332,"type":"if","locations":[{"start":{"line":332,"column":6},"end":{"line":332,"column":6}},{"start":{"line":332,"column":6},"end":{"line":332,"column":6}}]},"17":{"line":397,"type":"if","locations":[{"start":{"line":397,"column":3},"end":{"line":397,"column":3}},{"start":{"line":397,"column":3},"end":{"line":397,"column":3}}]},"18":{"line":400,"type":"if","locations":[{"start":{"line":400,"column":3},"end":{"line":400,"column":3}},{"start":{"line":400,"column":3},"end":{"line":400,"column":3}}]},"19":{"line":403,"type":"if","locations":[{"start":{"line":403,"column":3},"end":{"line":403,"column":3}},{"start":{"line":403,"column":3},"end":{"line":403,"column":3}}]},"20":{"line":403,"type":"binary-expr","locations":[{"start":{"line":403,"column":7},"end":{"line":403,"column":21}},{"start":{"line":403,"column":26},"end":{"line":403,"column":33}},{"start":{"line":403,"column":38},"end":{"line":403,"column":44}},{"start":{"line":403,"column":48},"end":{"line":403,"column":72}}]},"21":{"line":432,"type":"if","locations":[{"start":{"line":432,"column":3},"end":{"line":432,"column":3}},{"start":{"line":432,"column":3},"end":{"line":432,"column":3}}]}}},"/Users/erz/test/kobold/lib/defaultOptions.js":{"path":"/Users/erz/test/kobold/lib/defaultOptions.js","s":{"1":1,"2":1},"b":{"1":[1,1]},"f":{},"fnMap":{},"statementMap":{"1":{"start":{"line":4,"column":0},"end":{"line":13,"column":2}},"2":{"start":{"line":15,"column":0},"end":{"line":15,"column":24}}},"branchMap":{"1":{"line":10,"type":"binary-expr","locations":[{"start":{"line":10,"column":8},"end":{"line":10,"column":32}},{"start":{"line":10,"column":37},"end":{"line":10,"column":77}}]}}}}