TN:
SF:/Users/erz/test/kobold/lib/cli.js
FN:14,filterArguments
FN:73,prepareEnvironment
FNF:2
FNH:2
FNDA:8,filterArguments
FNDA:1,prepareEnvironment
DA:1,1
DA:2,1
DA:14,1
DA:16,8
DA:20,8
DA:22,13
DA:25,6
DA:28,6
DA:31,4
DA:34,4
DA:35,1
DA:38,3
DA:39,3
DA:42,3
DA:43,1
DA:48,2
DA:51,7
DA:56,8
DA:57,7
DA:60,8
DA:62,8
DA:73,1
DA:75,1
DA:78,1
DA:88,1
DA:93,1
DA:94,0
DA:96,1
DA:100,1
DA:122,1
DA:125,1
LF:31
LH:30
BRDA:16,1,0,8
BRDA:16,1,1,6
BRDA:22,2,0,6
BRDA:22,2,1,7
BRDA:22,3,0,13
BRDA:22,3,1,8
BRDA:22,3,2,7
BRDA:28,4,0,4
BRDA:28,4,1,2
BRDA:34,5,0,1
BRDA:34,5,1,3
BRDA:42,6,0,1
BRDA:42,6,1,2
BRDA:56,7,0,7
BRDA:56,7,1,1
BRDA:93,8,0,0
BRDA:93,8,1,1
BRF:17
BRH:16
end_of_record
TN:
SF:/Users/erz/test/kobold/index.js
FN:17,(anonymous_1)
FNF:1
FNH:0
FNDA:0,(anonymous_1)
DA:4,1
DA:17,1
DA:18,0
DA:28,1
DA:37,1
DA:39,1
LF:6
LH:5
BRF:0
BRH:0
end_of_record
TN:
SF:/Users/erz/test/kobold/lib/kobold.js
FN:45,(anonymous_1)
FN:77,(anonymous_2)
FN:87,(anonymous_3)
FN:100,(anonymous_4)
FN:167,(anonymous_5)
FN:174,(anonymous_6)
FN:176,(anonymous_7)
FN:189,(anonymous_8)
FN:201,(anonymous_9)
FN:217,(anonymous_10)
FN:220,(anonymous_11)
FN:223,(anonymous_12)
FN:241,(anonymous_13)
FN:257,(anonymous_14)
FN:260,(anonymous_15)
FN:263,(anonymous_16)
FN:282,(anonymous_17)
FN:299,(anonymous_18)
FN:302,(anonymous_19)
FN:304,(anonymous_20)
FN:305,(anonymous_21)
FN:308,(anonymous_22)
FN:313,(anonymous_23)
FN:314,(anonymous_24)
FN:317,(anonymous_25)
FN:322,(anonymous_26)
FN:331,(anonymous_27)
FN:337,(anonymous_28)
FN:339,(anonymous_29)
FN:358,(anonymous_30)
FN:362,(anonymous_31)
FN:365,(anonymous_32)
FN:367,(anonymous_33)
FN:392,(anonymous_34)
FN:419,(anonymous_35)
FN:433,(anonymous_36)
FN:451,(anonymous_37)
FN:464,(anonymous_38)
FN:476,(anonymous_39)
FN:488,(anonymous_40)
FN:500,(anonymous_41)
FN:512,(anonymous_42)
FNF:42
FNH:0
FNDA:0,(anonymous_1)
FNDA:0,(anonymous_2)
FNDA:0,(anonymous_3)
FNDA:0,(anonymous_4)
FNDA:0,(anonymous_5)
FNDA:0,(anonymous_6)
FNDA:0,(anonymous_7)
FNDA:0,(anonymous_8)
FNDA:0,(anonymous_9)
FNDA:0,(anonymous_10)
FNDA:0,(anonymous_11)
FNDA:0,(anonymous_12)
FNDA:0,(anonymous_13)
FNDA:0,(anonymous_14)
FNDA:0,(anonymous_15)
FNDA:0,(anonymous_16)
FNDA:0,(anonymous_17)
FNDA:0,(anonymous_18)
FNDA:0,(anonymous_19)
FNDA:0,(anonymous_20)
FNDA:0,(anonymous_21)
FNDA:0,(anonymous_22)
FNDA:0,(anonymous_23)
FNDA:0,(anonymous_24)
FNDA:0,(anonymous_25)
FNDA:0,(anonymous_26)
FNDA:0,(anonymous_27)
FNDA:0,(anonymous_28)
FNDA:0,(anonymous_29)
FNDA:0,(anonymous_30)
FNDA:0,(anonymous_31)
FNDA:0,(anonymous_32)
FNDA:0,(anonymous_33)
FNDA:0,(anonymous_34)
FNDA:0,(anonymous_35)
FNDA:0,(anonymous_36)
FNDA:0,(anonymous_37)
FNDA:0,(anonymous_38)
FNDA:0,(anonymous_39)
FNDA:0,(anonymous_40)
FNDA:0,(anonymous_41)
FNDA:0,(anonymous_42)
DA:4,1
DA:5,1
DA:6,1
DA:8,1
DA:10,1
DA:11,1
DA:13,1
DA:28,1
DA:46,0
DA:48,0
DA:50,0
DA:52,0
DA:53,0
DA:54,0
DA:57,0
DA:59,0
DA:61,0
DA:62,0
DA:64,0
DA:66,0
DA:67,0
DA:78,0
DA:88,0
DA:102,0
DA:112,0
DA:114,0
DA:121,0
DA:122,0
DA:123,0
DA:125,0
DA:126,0
DA:127,0
DA:128,0
DA:132,0
DA:133,0
DA:135,0
DA:140,0
DA:141,0
DA:142,0
DA:144,0
DA:145,0
DA:146,0
DA:147,0
DA:151,0
DA:152,0
DA:156,0
DA:157,0
DA:169,0
DA:171,0
DA:175,0
DA:177,0
DA:190,0
DA:202,0
DA:204,0
DA:205,0
DA:206,0
DA:219,0
DA:220,0
DA:222,0
DA:223,0
DA:224,0
DA:227,0
DA:242,0
DA:244,0
DA:245,0
DA:246,0
DA:259,0
DA:260,0
DA:262,0
DA:263,0
DA:264,0
DA:268,0
DA:284,0
DA:286,0
DA:287,0
DA:288,0
DA:301,0
DA:302,0
DA:304,0
DA:305,0
DA:306,0
DA:307,0
DA:309,0
DA:313,0
DA:314,0
DA:315,0
DA:316,0
DA:318,0
DA:322,0
DA:324,0
DA:327,0
DA:328,0
DA:330,0
DA:331,0
DA:332,0
DA:333,0
DA:336,0
DA:337,0
DA:338,0
DA:340,0
DA:343,0
DA:360,0
DA:362,0
DA:364,0
DA:365,0
DA:367,0
DA:369,0
DA:370,0
DA:371,0
DA:377,0
DA:394,0
DA:396,0
DA:397,0
DA:398,0
DA:400,0
DA:401,0
DA:403,0
DA:404,0
DA:407,0
DA:421,0
DA:427,0
DA:429,0
DA:430,0
DA:432,0
DA:433,0
DA:434,0
DA:438,0
DA:452,0
DA:465,0
DA:477,0
DA:489,0
DA:501,0
DA:513,0
DA:518,1
LF:134
LH:9
BRDA:50,1,0,0
BRDA:50,1,1,0
BRDA:52,2,0,0
BRDA:52,2,1,0
BRDA:53,3,0,0
BRDA:53,3,1,0
BRDA:57,4,0,0
BRDA:57,4,1,0
BRDA:61,5,0,0
BRDA:61,5,1,0
BRDA:62,6,0,0
BRDA:62,6,1,0
BRDA:64,7,0,0
BRDA:64,7,1,0
BRDA:66,8,0,0
BRDA:66,8,1,0
BRDA:67,9,0,0
BRDA:67,9,1,0
BRDA:126,10,0,0
BRDA:126,10,1,0
BRDA:132,11,0,0
BRDA:132,11,1,0
BRDA:145,12,0,0
BRDA:145,12,1,0
BRDA:151,13,0,0
BRDA:151,13,1,0
BRDA:222,14,0,0
BRDA:222,14,1,0
BRDA:262,15,0,0
BRDA:262,15,1,0
BRDA:332,16,0,0
BRDA:332,16,1,0
BRDA:397,17,0,0
BRDA:397,17,1,0
BRDA:400,18,0,0
BRDA:400,18,1,0
BRDA:403,19,0,0
BRDA:403,19,1,0
BRDA:403,20,0,0
BRDA:403,20,1,0
BRDA:403,20,2,0
BRDA:403,20,3,0
BRDA:432,21,0,0
BRDA:432,21,1,0
BRF:44
BRH:0
end_of_record
TN:
SF:/Users/erz/test/kobold/lib/defaultOptions.js
FNF:0
FNH:0
DA:4,1
DA:15,1
LF:2
LH:2
BRDA:10,1,0,1
BRDA:10,1,1,1
BRF:2
BRH:2
end_of_record
